<?xml version="1.0" encoding="UTF-8"?>
<!-- Generated by org.testng.reporters.JUnitReportReporter -->
<testsuite hostname="WTC-5176144-L2" name="com.demo.api3.controller.ConsumerTest" tests="1" failures="0" timestamp="9 Jan 2020 22:17:35 GMT" time="0.169" errors="0">
  <testcase name="getdata" time="0.169" classname="com.demo.api3.controller.ConsumerTest"/>
</testsuite> <!-- com.demo.api3.controller.ConsumerTest -->
